<?xml version="1.0" encoding="UTF-8"?>
<!-- Generated by org.testng.reporters.JUnitXMLReporter -->
<testsuite ignored="0" hostname="DESKTOP-UDECO0U" failures="0" tests="2" name="Test" time="46.268" errors="0" timestamp="2023-02-13T12:11:20 IST">
  <testcase classname="com.selenium.tests.AmazonHamburgerMenuPageTest" name="amazonHamburgerMenuTest" time="11.79"/>
  <testcase classname="com.selenium.tests.AmazonHamburgerMenuPageTest" name="amazonHamburgerMenuTest" time="10.65"/>
</testsuite> <!-- Test -->
