<?xml version="1.0" encoding="UTF-8"?>
<!-- Generated by org.testng.reporters.JUnitXMLReporter -->
<testsuite ignored="0" hostname="DESKTOP-UDECO0U" failures="0" tests="5" name="Test" time="81.624" errors="0" timestamp="2023-02-06T23:28:21 IST">
  <testcase classname="com.selenium.tests.OrangeHRMLoginPageTest" name="loginLogoutTest" time="16.024"/>
  <testcase classname="com.selenium.tests.OrangeHRMLoginPageTest" name="loginLogoutTest" time="16.024"/>
  <testcase classname="com.selenium.tests.OrangeHRMLoginPageTest" name="loginLogoutTest" time="16.514"/>
  <testcase classname="com.selenium.tests.OrangeHRMLoginPageTest" name="newTest" time="8.182"/>
  <testcase classname="com.selenium.tests.OrangeHRMLoginPageTest" name="newTest" time="8.386"/>
</testsuite> <!-- Test -->
