<?xml version="1.0" encoding="UTF-8"?>
<!-- Generated by org.testng.reporters.JUnitXMLReporter -->
<testsuite ignored="0" hostname="DESKTOP-UDECO0U" failures="0" tests="3" name="Test" time="27.766" errors="0" timestamp="2023-02-11T03:04:00 IST">
  <testcase classname="com.selenium.tests.OrangeHRMLoginPageTest" name="loginLogoutTest" time="9.408"/>
  <testcase classname="com.selenium.tests.OrangeHRMLoginPageTest" name="loginLogoutTest" time="10.753"/>
  <testcase classname="com.selenium.tests.OrangeHRMLoginPageTest" name="newTest" time="9.673"/>
</testsuite> <!-- Test -->
