<?xml version="1.0" encoding="UTF-8"?>
<testng-results ignored="0" total="5" passed="5" failed="0" skipped="0">
  <reporter-output>
  </reporter-output>
  <suite started-at="2023-02-07T15:34:58 IST" name="Suite" finished-at="2023-02-07T15:36:04 IST" duration-ms="65706">
    <groups>
    </groups>
    <test started-at="2023-02-07T15:34:58 IST" name="Test" finished-at="2023-02-07T15:36:04 IST" duration-ms="65706">
      <class name="com.selenium.tests.OrangeHRMLoginPageTest">
        <test-method is-config="true" signature="setUp([Ljava.lang.Object;)[pri:0, instance:com.selenium.tests.OrangeHRMLoginPageTest@3d5c822d]" started-at="2023-02-07T15:35:00 IST" name="setUp" finished-at="2023-02-07T15:35:22 IST" duration-ms="21221" status="PASS">
          <params>
            <param index="0">
              <value>
                <![CDATA[[Ljava.lang.Object;@2881ad47]]>
              </value>
            </param>
          </params>
          <reporter-output>
          </reporter-output>
        </test-method> <!-- setUp -->
        <test-method is-config="true" signature="setUp([Ljava.lang.Object;)[pri:0, instance:com.selenium.tests.OrangeHRMLoginPageTest@3d5c822d]" started-at="2023-02-07T15:35:00 IST" name="setUp" finished-at="2023-02-07T15:35:22 IST" duration-ms="21406" status="PASS">
          <params>
            <param index="0">
              <value>
                <![CDATA[[Ljava.lang.Object;@58a63629]]>
              </value>
            </param>
          </params>
          <reporter-output>
          </reporter-output>
        </test-method> <!-- setUp -->
        <test-method is-config="true" signature="setUp([Ljava.lang.Object;)[pri:0, instance:com.selenium.tests.OrangeHRMLoginPageTest@3d5c822d]" started-at="2023-02-07T15:35:00 IST" name="setUp" finished-at="2023-02-07T15:35:21 IST" duration-ms="21091" status="PASS">
          <params>
            <param index="0">
              <value>
                <![CDATA[[Ljava.lang.Object;@7de843ef]]>
              </value>
            </param>
          </params>
          <reporter-output>
          </reporter-output>
        </test-method> <!-- setUp -->
        <test-method signature="loginLogoutTest(java.util.Map)[pri:0, instance:com.selenium.tests.OrangeHRMLoginPageTest@3d5c822d]" started-at="2023-02-07T15:35:21 IST" name="loginLogoutTest" description="To check whether user can successfully login and logout " data-provider="getData" finished-at="2023-02-07T15:35:37 IST" duration-ms="15283" status="PASS">
          <params>
            <param index="0">
              <value>
                <![CDATA[{password=YWRtaW4xMjM=, testcasename=loginLogoutTest, browser=chrome, name=SeleniumAutomation, menuSubItem=, execute=yes, username=Admin}]]>
              </value>
            </param>
          </params>
          <reporter-output>
          </reporter-output>
        </test-method> <!-- loginLogoutTest -->
        <test-method signature="loginLogoutTest(java.util.Map)[pri:0, instance:com.selenium.tests.OrangeHRMLoginPageTest@3d5c822d]" started-at="2023-02-07T15:35:22 IST" name="loginLogoutTest" description="To check whether user can successfully login and logout " data-provider="getData" finished-at="2023-02-07T15:35:36 IST" duration-ms="14902" status="PASS">
          <params>
            <param index="0">
              <value>
                <![CDATA[{password=YWRtaW4xMjM=, testcasename=loginLogoutTest, browser=chrome, name=Subscribe, menuSubItem=, execute=yes, username=Admin}]]>
              </value>
            </param>
          </params>
          <reporter-output>
          </reporter-output>
        </test-method> <!-- loginLogoutTest -->
        <test-method signature="loginLogoutTest(java.util.Map)[pri:0, instance:com.selenium.tests.OrangeHRMLoginPageTest@3d5c822d]" started-at="2023-02-07T15:35:22 IST" name="loginLogoutTest" description="To check whether user can successfully login and logout " data-provider="getData" finished-at="2023-02-07T15:35:36 IST" duration-ms="14716" status="PASS">
          <params>
            <param index="0">
              <value>
                <![CDATA[{password=YWRtaW4xMjM=, testcasename=loginLogoutTest, browser=chrome, name=Niyaz, menuSubItem=, execute=yes, username=Admin}]]>
              </value>
            </param>
          </params>
          <reporter-output>
          </reporter-output>
        </test-method> <!-- loginLogoutTest -->
        <test-method is-config="true" signature="tearDown()[pri:0, instance:com.selenium.tests.OrangeHRMLoginPageTest@3d5c822d]" started-at="2023-02-07T15:35:37 IST" name="tearDown" finished-at="2023-02-07T15:35:41 IST" duration-ms="4601" status="PASS">
          <reporter-output>
          </reporter-output>
        </test-method> <!-- tearDown -->
        <test-method is-config="true" signature="tearDown()[pri:0, instance:com.selenium.tests.OrangeHRMLoginPageTest@3d5c822d]" started-at="2023-02-07T15:35:37 IST" name="tearDown" finished-at="2023-02-07T15:35:41 IST" duration-ms="4864" status="PASS">
          <reporter-output>
          </reporter-output>
        </test-method> <!-- tearDown -->
        <test-method is-config="true" signature="tearDown()[pri:0, instance:com.selenium.tests.OrangeHRMLoginPageTest@3d5c822d]" started-at="2023-02-07T15:35:37 IST" name="tearDown" finished-at="2023-02-07T15:35:41 IST" duration-ms="4321" status="PASS">
          <reporter-output>
          </reporter-output>
        </test-method> <!-- tearDown -->
        <test-method is-config="true" signature="setUp([Ljava.lang.Object;)[pri:0, instance:com.selenium.tests.OrangeHRMLoginPageTest@3d5c822d]" started-at="2023-02-07T15:35:41 IST" name="setUp" finished-at="2023-02-07T15:35:55 IST" duration-ms="13345" status="PASS">
          <params>
            <param index="0">
              <value>
                <![CDATA[[Ljava.lang.Object;@2e1af49b]]>
              </value>
            </param>
          </params>
          <reporter-output>
          </reporter-output>
        </test-method> <!-- setUp -->
        <test-method is-config="true" signature="setUp([Ljava.lang.Object;)[pri:0, instance:com.selenium.tests.OrangeHRMLoginPageTest@3d5c822d]" started-at="2023-02-07T15:35:41 IST" name="setUp" finished-at="2023-02-07T15:35:55 IST" duration-ms="13547" status="PASS">
          <params>
            <param index="0">
              <value>
                <![CDATA[[Ljava.lang.Object;@3fd2322d]]>
              </value>
            </param>
          </params>
          <reporter-output>
          </reporter-output>
        </test-method> <!-- setUp -->
        <test-method signature="newTest(java.util.Map)[pri:0, instance:com.selenium.tests.OrangeHRMLoginPageTest@3d5c822d]" started-at="2023-02-07T15:35:55 IST" name="newTest" description="To check whether this test case executed" data-provider="getData" finished-at="2023-02-07T15:36:03 IST" duration-ms="8034" status="PASS">
          <params>
            <param index="0">
              <value>
                <![CDATA[{password=YWRtaW4xMjM=, testcasename=newTest, browser=edge, name=, menuSubItem=, execute=yes, username=Admin}]]>
              </value>
            </param>
          </params>
          <reporter-output>
          </reporter-output>
        </test-method> <!-- newTest -->
        <test-method signature="newTest(java.util.Map)[pri:0, instance:com.selenium.tests.OrangeHRMLoginPageTest@3d5c822d]" started-at="2023-02-07T15:35:55 IST" name="newTest" description="To check whether this test case executed" data-provider="getData" finished-at="2023-02-07T15:36:04 IST" duration-ms="8523" status="PASS">
          <params>
            <param index="0">
              <value>
                <![CDATA[{password=YWRtaW4xMjM=, testcasename=newTest, browser=edge, name=, menuSubItem=, execute=yes, username=Admin}]]>
              </value>
            </param>
          </params>
          <reporter-output>
          </reporter-output>
        </test-method> <!-- newTest -->
        <test-method is-config="true" signature="tearDown()[pri:0, instance:com.selenium.tests.OrangeHRMLoginPageTest@3d5c822d]" started-at="2023-02-07T15:36:03 IST" name="tearDown" finished-at="2023-02-07T15:36:04 IST" duration-ms="1214" status="PASS">
          <reporter-output>
          </reporter-output>
        </test-method> <!-- tearDown -->
        <test-method is-config="true" signature="tearDown()[pri:0, instance:com.selenium.tests.OrangeHRMLoginPageTest@3d5c822d]" started-at="2023-02-07T15:36:04 IST" name="tearDown" finished-at="2023-02-07T15:36:04 IST" duration-ms="598" status="PASS">
          <reporter-output>
          </reporter-output>
        </test-method> <!-- tearDown -->
      </class> <!-- com.selenium.tests.OrangeHRMLoginPageTest -->
    </test> <!-- Test -->
  </suite> <!-- Suite -->
</testng-results>
