<?xml version="1.0" encoding="UTF-8"?>
<testsuite xmlns:xsi="http://www.w3.org/2001/XMLSchema-instance" xsi:noNamespaceSchemaLocation="https://maven.apache.org/surefire/maven-surefire-plugin/xsd/surefire-test-report-3.0.xsd" version="3.0" name="TestSuite" time="74.767" tests="5" errors="0" skipped="0" failures="0">
  <properties>
[...]
</properties>
  <testcase name="loginLogoutTest[{password=YWRtaW4xMjM=, testcasename=loginLogoutTest, browser=chrome, name=Niyaz, menuSubItem=, execute=yes, username=Admin}](1)" classname="com.selenium.tests.OrangeHRMLoginPageTest" time="0.073">
    <system-out><![CDATA[INFO------> Admin is entered successfully on Username field
INFO------> admin123 is entered successfully on Password field
INFO------> Admin is entered successfully on Username field
INFO------> Admin is entered successfully on Username field
INFO------> Submit button is clicked successfully
INFO------> admin123 is entered successfully on Password field
INFO------> admin123 is entered successfully on Password field
INFO------> Welcome link is clicked successfully
INFO------> Submit button is clicked successfully
INFO------> Submit button is clicked successfully
INFO------> Logout link is clicked successfully
]]></system-out>
    <system-err><![CDATA[ERROR StatusLogger Log4j2 could not find a logging implementation. Please add log4j-core to the classpath. Using SimpleLogger to log to the console...
SLF4J: Failed to load class "org.slf4j.impl.StaticLoggerBinder".
SLF4J: Defaulting to no-operation (NOP) logger implementation
SLF4J: See http://www.slf4j.org/codes.html#StaticLoggerBinder for further details.
Starting ChromeDriver 109.0.5414.74 (e7c5703604daa9cc128ccf5a5d3e993513758913-refs/branch-heads/5414@{#1172}) on port 24495
Only local connections are allowed.
Please see https://chromedriver.chromium.org/security-considerations for suggestions on keeping ChromeDriver safe.
Starting ChromeDriver 109.0.5414.74 (e7c5703604daa9cc128ccf5a5d3e993513758913-refs/branch-heads/5414@{#1172}) on port 1088
Only local connections are allowed.
Please see https://chromedriver.chromium.org/security-considerations for suggestions on keeping ChromeDriver safe.
Starting ChromeDriver 109.0.5414.74 (e7c5703604daa9cc128ccf5a5d3e993513758913-refs/branch-heads/5414@{#1172}) on port 39027
Only local connections are allowed.
Please see https://chromedriver.chromium.org/security-considerations for suggestions on keeping ChromeDriver safe.
ChromeDriver was started successfully.
ChromeDriver was started successfully.
ChromeDriver was started successfully.
]]></system-err>
  </testcase>
  <testcase name="loginLogoutTest[{password=YWRtaW4xMjM=, testcasename=loginLogoutTest, browser=chrome, name=Subscribe, menuSubItem=, execute=yes, username=Admin}](2)" classname="com.selenium.tests.OrangeHRMLoginPageTest" time="1.51">
    <system-out><![CDATA[INFO------> Welcome link is clicked successfully
INFO------> Welcome link is clicked successfully
INFO------> Logout link is clicked successfully
]]></system-out>
  </testcase>
  <testcase name="loginLogoutTest[{password=YWRtaW4xMjM=, testcasename=loginLogoutTest, browser=chrome, name=SeleniumAutomation, menuSubItem=, execute=yes, username=Admin}](3)" classname="com.selenium.tests.OrangeHRMLoginPageTest" time="1.609">
    <system-out><![CDATA[INFO------> Logout link is clicked successfully
]]></system-out>
  </testcase>
  <testcase name="newTest[{password=YWRtaW4xMjM=, testcasename=newTest, browser=edge, name=, menuSubItem=, execute=yes, username=Admin}](1)" classname="com.selenium.tests.OrangeHRMLoginPageTest" time="9.276">
    <system-out><![CDATA[INFO------> Admin is entered successfully on Username field
INFO------> admin123 is entered successfully on Password field
INFO------> Submit button is clicked successfully
INFO------> Admin is entered successfully on Username field
INFO------> admin123 is entered successfully on Password field
INFO------> Submit button is clicked successfully
INFO------> Welcome link is clicked successfully
INFO------> Logout link is clicked successfully
]]></system-out>
    <system-err><![CDATA[Starting Microsoft Edge WebDriver 109.0.1518.78 (4e4b32c3816309813328e94787b814590ac1116d) on port 30781
To submit feedback, report a bug, or suggest new features, please visit https://github.com/MicrosoftEdge/EdgeWebDriver

Only local connections are allowed.
Please see https://aka.ms/WebDriverSecurity for suggestions on keeping Microsoft Edge WebDriver safe.

Starting Microsoft Edge WebDriver 109.0.1518.78 (4e4b32c3816309813328e94787b814590ac1116d) on port 14076
To submit feedback, report a bug, or suggest new features, please visit https://github.com/MicrosoftEdge/EdgeWebDriver

Only local connections are allowed.
Please see https://aka.ms/WebDriverSecurity for suggestions on keeping Microsoft Edge WebDriver safe.

Microsoft Edge WebDriver was started successfully.
Microsoft Edge WebDriver was started successfully.
]]></system-err>
  </testcase>
  <testcase name="newTest[{password=YWRtaW4xMjM=, testcasename=newTest, browser=edge, name=, menuSubItem=, execute=yes, username=Admin}](2)" classname="com.selenium.tests.OrangeHRMLoginPageTest" time="11.181">
    <system-out><![CDATA[INFO------> Welcome link is clicked successfully
INFO------> Logout link is clicked successfully
]]></system-out>
  </testcase>
</testsuite>