<?xml version="1.0" encoding="UTF-8"?>
<testng-results ignored="0" total="5" passed="5" failed="0" skipped="0">
  <reporter-output>
  </reporter-output>
  <suite started-at="2023-02-08T14:34:16 IST" name="Suite" finished-at="2023-02-08T14:35:25 IST" duration-ms="68772">
    <groups>
    </groups>
    <test started-at="2023-02-08T14:34:16 IST" name="Test" finished-at="2023-02-08T14:35:25 IST" duration-ms="68772">
      <class name="com.selenium.tests.OrangeHRMLoginPageTest">
        <test-method is-config="true" signature="setUp([Ljava.lang.Object;)[pri:0, instance:com.selenium.tests.OrangeHRMLoginPageTest@73700b80]" started-at="2023-02-08T14:34:18 IST" name="setUp" finished-at="2023-02-08T14:34:56 IST" duration-ms="37685" status="PASS">
          <params>
            <param index="0">
              <value>
                <![CDATA[[Ljava.lang.Object;@5445f5ba]]>
              </value>
            </param>
          </params>
          <reporter-output>
          </reporter-output>
        </test-method> <!-- setUp -->
        <test-method is-config="true" signature="setUp([Ljava.lang.Object;)[pri:0, instance:com.selenium.tests.OrangeHRMLoginPageTest@73700b80]" started-at="2023-02-08T14:34:18 IST" name="setUp" finished-at="2023-02-08T14:35:07 IST" duration-ms="48399" status="PASS">
          <params>
            <param index="0">
              <value>
                <![CDATA[[Ljava.lang.Object;@1431267b]]>
              </value>
            </param>
          </params>
          <reporter-output>
          </reporter-output>
        </test-method> <!-- setUp -->
        <test-method is-config="true" signature="setUp([Ljava.lang.Object;)[pri:0, instance:com.selenium.tests.OrangeHRMLoginPageTest@73700b80]" started-at="2023-02-08T14:34:18 IST" name="setUp" finished-at="2023-02-08T14:34:57 IST" duration-ms="38801" status="PASS">
          <params>
            <param index="0">
              <value>
                <![CDATA[[Ljava.lang.Object;@342726f1]]>
              </value>
            </param>
          </params>
          <reporter-output>
          </reporter-output>
        </test-method> <!-- setUp -->
        <test-method is-config="true" signature="setUp([Ljava.lang.Object;)[pri:0, instance:com.selenium.tests.OrangeHRMLoginPageTest@73700b80]" started-at="2023-02-08T14:34:18 IST" name="setUp" finished-at="2023-02-08T14:34:55 IST" duration-ms="37017" status="PASS">
          <params>
            <param index="0">
              <value>
                <![CDATA[[Ljava.lang.Object;@c808207]]>
              </value>
            </param>
          </params>
          <reporter-output>
          </reporter-output>
        </test-method> <!-- setUp -->
        <test-method is-config="true" signature="setUp([Ljava.lang.Object;)[pri:0, instance:com.selenium.tests.OrangeHRMLoginPageTest@73700b80]" started-at="2023-02-08T14:34:18 IST" name="setUp" finished-at="2023-02-08T14:35:02 IST" duration-ms="43859" status="PASS">
          <params>
            <param index="0">
              <value>
                <![CDATA[[Ljava.lang.Object;@77134e08]]>
              </value>
            </param>
          </params>
          <reporter-output>
          </reporter-output>
        </test-method> <!-- setUp -->
        <test-method signature="loginLogoutTest(java.util.Map)[pri:0, instance:com.selenium.tests.OrangeHRMLoginPageTest@73700b80]" started-at="2023-02-08T14:34:55 IST" name="loginLogoutTest" description="To check whether user can successfully login and logout " data-provider="getData" finished-at="2023-02-08T14:35:21 IST" duration-ms="25473" status="PASS">
          <params>
            <param index="0">
              <value>
                <![CDATA[{password=YWRtaW4xMjM=, testcasename=loginLogoutTest, browser=chrome, name=Subscribe, menuSubItem=, execute=yes, username=Admin}]]>
              </value>
            </param>
          </params>
          <reporter-output>
          </reporter-output>
        </test-method> <!-- loginLogoutTest -->
        <test-method signature="loginLogoutTest(java.util.Map)[pri:0, instance:com.selenium.tests.OrangeHRMLoginPageTest@73700b80]" started-at="2023-02-08T14:34:56 IST" name="loginLogoutTest" description="To check whether user can successfully login and logout " data-provider="getData" finished-at="2023-02-08T14:35:21 IST" duration-ms="24816" status="PASS">
          <params>
            <param index="0">
              <value>
                <![CDATA[{password=YWRtaW4xMjM=, testcasename=loginLogoutTest, browser=chrome, name=SeleniumAutomation, menuSubItem=, execute=yes, username=Admin}]]>
              </value>
            </param>
          </params>
          <reporter-output>
          </reporter-output>
        </test-method> <!-- loginLogoutTest -->
        <test-method signature="loginLogoutTest(java.util.Map)[pri:0, instance:com.selenium.tests.OrangeHRMLoginPageTest@73700b80]" started-at="2023-02-08T14:34:57 IST" name="loginLogoutTest" description="To check whether user can successfully login and logout " data-provider="getData" finished-at="2023-02-08T14:35:21 IST" duration-ms="23696" status="PASS">
          <params>
            <param index="0">
              <value>
                <![CDATA[{password=YWRtaW4xMjM=, testcasename=loginLogoutTest, browser=chrome, name=Niyaz, menuSubItem=, execute=yes, username=Admin}]]>
              </value>
            </param>
          </params>
          <reporter-output>
          </reporter-output>
        </test-method> <!-- loginLogoutTest -->
        <test-method signature="newTest(java.util.Map)[pri:0, instance:com.selenium.tests.OrangeHRMLoginPageTest@73700b80]" started-at="2023-02-08T14:35:02 IST" name="newTest" description="To check whether this test case executed" data-provider="getData" finished-at="2023-02-08T14:35:21 IST" duration-ms="18634" status="PASS">
          <params>
            <param index="0">
              <value>
                <![CDATA[{password=YWRtaW4xMjM=, testcasename=newTest, browser=edge, name=, menuSubItem=, execute=yes, username=Admin}]]>
              </value>
            </param>
          </params>
          <reporter-output>
          </reporter-output>
        </test-method> <!-- newTest -->
        <test-method signature="newTest(java.util.Map)[pri:0, instance:com.selenium.tests.OrangeHRMLoginPageTest@73700b80]" started-at="2023-02-08T14:35:07 IST" name="newTest" description="To check whether this test case executed" data-provider="getData" finished-at="2023-02-08T14:35:23 IST" duration-ms="15906" status="PASS">
          <params>
            <param index="0">
              <value>
                <![CDATA[{password=YWRtaW4xMjM=, testcasename=newTest, browser=edge, name=, menuSubItem=, execute=yes, username=Admin}]]>
              </value>
            </param>
          </params>
          <reporter-output>
          </reporter-output>
        </test-method> <!-- newTest -->
        <test-method is-config="true" signature="tearDown()[pri:0, instance:com.selenium.tests.OrangeHRMLoginPageTest@73700b80]" started-at="2023-02-08T14:35:21 IST" name="tearDown" finished-at="2023-02-08T14:35:24 IST" duration-ms="3325" status="PASS">
          <reporter-output>
          </reporter-output>
        </test-method> <!-- tearDown -->
        <test-method is-config="true" signature="tearDown()[pri:0, instance:com.selenium.tests.OrangeHRMLoginPageTest@73700b80]" started-at="2023-02-08T14:35:21 IST" name="tearDown" finished-at="2023-02-08T14:35:25 IST" duration-ms="4284" status="PASS">
          <reporter-output>
          </reporter-output>
        </test-method> <!-- tearDown -->
        <test-method is-config="true" signature="tearDown()[pri:0, instance:com.selenium.tests.OrangeHRMLoginPageTest@73700b80]" started-at="2023-02-08T14:35:21 IST" name="tearDown" finished-at="2023-02-08T14:35:24 IST" duration-ms="3006" status="PASS">
          <reporter-output>
          </reporter-output>
        </test-method> <!-- tearDown -->
        <test-method is-config="true" signature="tearDown()[pri:0, instance:com.selenium.tests.OrangeHRMLoginPageTest@73700b80]" started-at="2023-02-08T14:35:21 IST" name="tearDown" finished-at="2023-02-08T14:35:24 IST" duration-ms="2975" status="PASS">
          <reporter-output>
          </reporter-output>
        </test-method> <!-- tearDown -->
        <test-method is-config="true" signature="tearDown()[pri:0, instance:com.selenium.tests.OrangeHRMLoginPageTest@73700b80]" started-at="2023-02-08T14:35:23 IST" name="tearDown" finished-at="2023-02-08T14:35:24 IST" duration-ms="1093" status="PASS">
          <reporter-output>
          </reporter-output>
        </test-method> <!-- tearDown -->
      </class> <!-- com.selenium.tests.OrangeHRMLoginPageTest -->
    </test> <!-- Test -->
  </suite> <!-- Suite -->
</testng-results>
