<?xml version="1.0" encoding="UTF-8"?>
<!-- Generated by org.testng.reporters.JUnitXMLReporter -->
<testsuite ignored="0" hostname="DESKTOP-UDECO0U" failures="0" tests="5" name="Command line test" time="57.663" errors="0" timestamp="2023-02-07T16:42:47 IST">
  <testcase classname="com.selenium.tests.OrangeHRMLoginPageTest" name="loginLogoutTest" time="10.572"/>
  <testcase classname="com.selenium.tests.OrangeHRMLoginPageTest" name="loginLogoutTest" time="11.627"/>
  <testcase classname="com.selenium.tests.OrangeHRMLoginPageTest" name="loginLogoutTest" time="11.883"/>
  <testcase classname="com.selenium.tests.OrangeHRMLoginPageTest" name="newTest" time="8.01"/>
  <testcase classname="com.selenium.tests.OrangeHRMLoginPageTest" name="newTest" time="8.275"/>
</testsuite> <!-- Command line test -->
