<?xml version="1.0" encoding="UTF-8"?>
<testng-results ignored="0" total="2" passed="2" failed="0" skipped="0">
  <reporter-output>
  </reporter-output>
  <suite started-at="2023-01-29T23:49:59 IST" name="Suite" finished-at="2023-01-29T23:50:35 IST" duration-ms="35672">
    <groups>
    </groups>
    <test started-at="2023-01-29T23:49:59 IST" name="Test" finished-at="2023-01-29T23:50:35 IST" duration-ms="35672">
      <class name="com.selenium.tests.OrangeHRMLoginPageTest">
        <test-method is-config="true" signature="setUp()[pri:0, instance:com.selenium.tests.OrangeHRMLoginPageTest@e15b7e8]" started-at="2023-01-29T23:50:01 IST" name="setUp" finished-at="2023-01-29T23:50:15 IST" duration-ms="13683" status="PASS">
          <reporter-output>
          </reporter-output>
        </test-method> <!-- setUp -->
        <test-method signature="loginLogoutTest(java.lang.String,java.lang.String)[pri:0, instance:com.selenium.tests.OrangeHRMLoginPageTest@e15b7e8]" started-at="2023-01-29T23:50:15 IST" name="loginLogoutTest" description="To check whether user can successfully login and logout " data-provider="LoginTestDataProvider" finished-at="2023-01-29T23:50:21 IST" duration-ms="5949" status="PASS">
          <params>
            <param index="0">
              <value>
                <![CDATA[Admin]]>
              </value>
            </param>
            <param index="1">
              <value>
                <![CDATA[admin123]]>
              </value>
            </param>
          </params>
          <reporter-output>
          </reporter-output>
        </test-method> <!-- loginLogoutTest -->
        <test-method is-config="true" signature="tearDown()[pri:0, instance:com.selenium.tests.OrangeHRMLoginPageTest@e15b7e8]" started-at="2023-01-29T23:50:21 IST" name="tearDown" finished-at="2023-01-29T23:50:21 IST" duration-ms="372" status="PASS">
          <reporter-output>
          </reporter-output>
        </test-method> <!-- tearDown -->
        <test-method is-config="true" signature="setUp()[pri:0, instance:com.selenium.tests.OrangeHRMLoginPageTest@e15b7e8]" started-at="2023-01-29T23:50:21 IST" name="setUp" finished-at="2023-01-29T23:50:29 IST" duration-ms="8111" status="PASS">
          <reporter-output>
          </reporter-output>
        </test-method> <!-- setUp -->
        <test-method signature="newTest(java.lang.String,java.lang.String)[pri:0, instance:com.selenium.tests.OrangeHRMLoginPageTest@e15b7e8]" started-at="2023-01-29T23:50:29 IST" name="newTest" description="To check whether this test case executed" data-provider="LoginTestDataProvider" finished-at="2023-01-29T23:50:35 IST" duration-ms="5461" status="PASS">
          <params>
            <param index="0">
              <value>
                <![CDATA[Admin]]>
              </value>
            </param>
            <param index="1">
              <value>
                <![CDATA[admin123]]>
              </value>
            </param>
          </params>
          <reporter-output>
          </reporter-output>
        </test-method> <!-- newTest -->
        <test-method is-config="true" signature="tearDown()[pri:0, instance:com.selenium.tests.OrangeHRMLoginPageTest@e15b7e8]" started-at="2023-01-29T23:50:35 IST" name="tearDown" finished-at="2023-01-29T23:50:35 IST" duration-ms="379" status="PASS">
          <reporter-output>
          </reporter-output>
        </test-method> <!-- tearDown -->
      </class> <!-- com.selenium.tests.OrangeHRMLoginPageTest -->
    </test> <!-- Test -->
  </suite> <!-- Suite -->
</testng-results>
