<?xml version="1.0" encoding="UTF-8"?>
<testng-results ignored="0" total="1" passed="1" failed="0" skipped="0">
  <reporter-output>
  </reporter-output>
  <suite started-at="2023-01-28T18:47:12 IST" name="Suite" finished-at="2023-01-28T18:47:28 IST" duration-ms="16213">
    <groups>
    </groups>
    <test started-at="2023-01-28T18:47:12 IST" name="Test" finished-at="2023-01-28T18:47:28 IST" duration-ms="16213">
      <class name="com.selenium.tests.OrangeHRMLoginPageTest">
        <test-method is-config="true" signature="setUp()[pri:0, instance:com.selenium.tests.OrangeHRMLoginPageTest@fa49800]" started-at="2023-01-28T18:47:12 IST" name="setUp" finished-at="2023-01-28T18:47:22 IST" duration-ms="9729" status="PASS">
          <reporter-output>
          </reporter-output>
        </test-method> <!-- setUp -->
        <test-method signature="loginlogoutTest()[pri:0, instance:com.selenium.tests.OrangeHRMLoginPageTest@fa49800]" started-at="2023-01-28T18:47:22 IST" name="loginlogoutTest" finished-at="2023-01-28T18:47:28 IST" duration-ms="5924" status="PASS">
          <reporter-output>
          </reporter-output>
        </test-method> <!-- loginlogoutTest -->
        <test-method is-config="true" signature="tearDown()[pri:0, instance:com.selenium.tests.OrangeHRMLoginPageTest@fa49800]" started-at="2023-01-28T18:47:28 IST" name="tearDown" finished-at="2023-01-28T18:47:28 IST" duration-ms="500" status="PASS">
          <reporter-output>
          </reporter-output>
        </test-method> <!-- tearDown -->
      </class> <!-- com.selenium.tests.OrangeHRMLoginPageTest -->
    </test> <!-- Test -->
  </suite> <!-- Suite -->
</testng-results>
